------------------------------------------------------------------------
lunedì 16 giugno 2025 - 14:22:37
------------------------------------------------------------------------
lunedì 16 giugno 2025 - 14:24:34
------------------------------------------------------------------------
lunedì 16 giugno 2025 - 14:24:34
------------------------------------------------------------------------
lunedì 16 giugno 2025 - 14:24:35
------------------------------------------------------------------------
lunedì 16 giugno 2025 - 14:24:36
------------------------------------------------------------------------
lunedì 16 giugno 2025 - 14:24:38
------------------------------------------------------------------------
lunedì 16 giugno 2025 - 14:24:40
------------------------------------------------------------------------
lunedì 16 giugno 2025 - 14:24:43
------------------------------------------------------------------------
lunedì 16 giugno 2025 - 14:24:44
------------------------------------------------------------------------
lunedì 16 giugno 2025 - 14:24:45
------------------------------------------------------------------------
lunedì 16 giugno 2025 - 14:24:47
------------------------------------------------------------------------
lunedì 16 giugno 2025 - 14:24:47
------------------------------------------------------------------------
lunedì 16 giugno 2025 - 14:24:49
------------------------------------------------------------------------
lunedì 16 giugno 2025 - 14:24:55
------------------------------------------------------------------------
lunedì 16 giugno 2025 - 14:24:56
------------------------------------------------------------------------
lunedì 16 giugno 2025 - 14:24:56
------------------------------------------------------------------------
lunedì 16 giugno 2025 - 14:24:56
------------------------------------------------------------------------
lunedì 16 giugno 2025 - 14:24:58
------------------------------------------------------------------------
lunedì 16 giugno 2025 - 14:24:58
------------------------------------------------------------------------
lunedì 16 giugno 2025 - 14:25:05
------------------------------------------------------------------------
lunedì 16 giugno 2025 - 14:25:05
------------------------------------------------------------------------
lunedì 16 giugno 2025 - 14:25:06
------------------------------------------------------------------------
lunedì 16 giugno 2025 - 14:25:09
------------------------------------------------------------------------
lunedì 16 giugno 2025 - 14:25:10
------------------------------------------------------------------------
lunedì 16 giugno 2025 - 14:25:15
------------------------------------------------------------------------
lunedì 16 giugno 2025 - 14:25:23
------------------------------------------------------------------------
lunedì 16 giugno 2025 - 14:25:24
------------------------------------------------------------------------
lunedì 16 giugno 2025 - 14:25:24
[ErrorHandler::ProcError] Proc error: ERR -100003: EVOMenu No fields filled in
   in com.progamma.doc.MDOInit.LoadFromDB(IDDocument Doc, Int32 ChildLevel, Boolean IsLookup)
   in com.progamma.doc.IDDocument.LoadFromDB(Int32 ChildLevel, Boolean IsLookup)
   in com.progamma.doc.IDDocument.LoadFromDB()
   in EVOCOREForm.FormGestioneMenuEVO.PAN_PANMENU2_OnSelectingRow()
------------------------------------------------------------------------
lunedì 16 giugno 2025 - 14:25:25
------------------------------------------------------------------------
lunedì 16 giugno 2025 - 14:25:34
------------------------------------------------------------------------
lunedì 16 giugno 2025 - 14:25:35
------------------------------------------------------------------------
lunedì 16 giugno 2025 - 14:25:35
------------------------------------------------------------------------
lunedì 16 giugno 2025 - 14:25:36
------------------------------------------------------------------------
lunedì 16 giugno 2025 - 14:25:36
------------------------------------------------------------------------
lunedì 16 giugno 2025 - 14:25:36
------------------------------------------------------------------------
lunedì 16 giugno 2025 - 14:25:38
------------------------------------------------------------------------
lunedì 16 giugno 2025 - 14:25:38
------------------------------------------------------------------------
lunedì 16 giugno 2025 - 14:25:42
------------------------------------------------------------------------
lunedì 16 giugno 2025 - 14:25:44
------------------------------------------------------------------------
lunedì 16 giugno 2025 - 14:25:45
------------------------------------------------------------------------
lunedì 16 giugno 2025 - 14:25:47
------------------------------------------------------------------------
lunedì 16 giugno 2025 - 14:25:48
------------------------------------------------------------------------
lunedì 16 giugno 2025 - 14:25:55
------------------------------------------------------------------------
lunedì 16 giugno 2025 - 14:25:56
------------------------------------------------------------------------
lunedì 16 giugno 2025 - 14:26:00
------------------------------------------------------------------------
lunedì 16 giugno 2025 - 14:26:00
------------------------------------------------------------------------
lunedì 16 giugno 2025 - 14:26:05
------------------------------------------------------------------------
lunedì 16 giugno 2025 - 14:26:05
------------------------------------------------------------------------
lunedì 16 giugno 2025 - 14:26:06
------------------------------------------------------------------------
lunedì 16 giugno 2025 - 14:26:15
------------------------------------------------------------------------
lunedì 16 giugno 2025 - 14:26:15
------------------------------------------------------------------------
lunedì 16 giugno 2025 - 14:26:18
------------------------------------------------------------------------
lunedì 16 giugno 2025 - 14:26:19
------------------------------------------------------------------------
lunedì 16 giugno 2025 - 14:26:19
------------------------------------------------------------------------
lunedì 16 giugno 2025 - 14:26:23
------------------------------------------------------------------------
lunedì 16 giugno 2025 - 14:26:23
------------------------------------------------------------------------
lunedì 16 giugno 2025 - 14:26:23
------------------------------------------------------------------------
lunedì 16 giugno 2025 - 14:26:25
------------------------------------------------------------------------
lunedì 16 giugno 2025 - 14:26:26
------------------------------------------------------------------------
lunedì 16 giugno 2025 - 14:26:26
------------------------------------------------------------------------
lunedì 16 giugno 2025 - 14:26:26
------------------------------------------------------------------------
lunedì 16 giugno 2025 - 14:26:28
------------------------------------------------------------------------
lunedì 16 giugno 2025 - 14:26:30
------------------------------------------------------------------------
lunedì 16 giugno 2025 - 14:26:31
------------------------------------------------------------------------
lunedì 16 giugno 2025 - 14:26:31
------------------------------------------------------------------------
lunedì 16 giugno 2025 - 14:26:31
------------------------------------------------------------------------
lunedì 16 giugno 2025 - 14:26:31
------------------------------------------------------------------------
lunedì 16 giugno 2025 - 14:26:32
------------------------------------------------------------------------
lunedì 16 giugno 2025 - 14:26:33
------------------------------------------------------------------------
lunedì 16 giugno 2025 - 14:26:34
------------------------------------------------------------------------
lunedì 16 giugno 2025 - 14:26:34
------------------------------------------------------------------------
lunedì 16 giugno 2025 - 14:26:35
------------------------------------------------------------------------
lunedì 16 giugno 2025 - 14:26:35
------------------------------------------------------------------------
lunedì 16 giugno 2025 - 14:26:36
------------------------------------------------------------------------
lunedì 16 giugno 2025 - 14:26:39
------------------------------------------------------------------------
lunedì 16 giugno 2025 - 14:26:39
------------------------------------------------------------------------
lunedì 16 giugno 2025 - 14:26:39
------------------------------------------------------------------------
lunedì 16 giugno 2025 - 14:26:41
------------------------------------------------------------------------
lunedì 16 giugno 2025 - 14:26:41
------------------------------------------------------------------------
lunedì 16 giugno 2025 - 14:26:41
------------------------------------------------------------------------
lunedì 16 giugno 2025 - 14:26:46
------------------------------------------------------------------------
lunedì 16 giugno 2025 - 14:26:56
------------------------------------------------------------------------
lunedì 16 giugno 2025 - 14:27:06
------------------------------------------------------------------------
lunedì 16 giugno 2025 - 14:27:07
------------------------------------------------------------------------
lunedì 16 giugno 2025 - 14:27:16
------------------------------------------------------------------------
lunedì 16 giugno 2025 - 14:27:26
------------------------------------------------------------------------
lunedì 16 giugno 2025 - 14:27:36
------------------------------------------------------------------------
lunedì 16 giugno 2025 - 14:27:37
------------------------------------------------------------------------
lunedì 16 giugno 2025 - 14:29:32
------------------------------------------------------------------------
lunedì 16 giugno 2025 - 14:30:32
------------------------------------------------------------------------
lunedì 16 giugno 2025 - 14:31:32
------------------------------------------------------------------------
lunedì 16 giugno 2025 - 14:32:32
------------------------------------------------------------------------
lunedì 16 giugno 2025 - 14:32:57
------------------------------------------------------------------------
lunedì 16 giugno 2025 - 14:32:57
------------------------------------------------------------------------
lunedì 16 giugno 2025 - 14:32:57
------------------------------------------------------------------------
lunedì 16 giugno 2025 - 14:33:06
------------------------------------------------------------------------
lunedì 16 giugno 2025 - 14:33:07
------------------------------------------------------------------------
lunedì 16 giugno 2025 - 14:33:16
------------------------------------------------------------------------
lunedì 16 giugno 2025 - 14:33:26
------------------------------------------------------------------------
lunedì 16 giugno 2025 - 14:33:36
------------------------------------------------------------------------
lunedì 16 giugno 2025 - 14:33:37
------------------------------------------------------------------------
lunedì 16 giugno 2025 - 14:33:46
------------------------------------------------------------------------
lunedì 16 giugno 2025 - 14:33:56
------------------------------------------------------------------------
lunedì 16 giugno 2025 - 14:35:07
------------------------------------------------------------------------
lunedì 16 giugno 2025 - 14:35:07
------------------------------------------------------------------------
lunedì 16 giugno 2025 - 14:35:08
------------------------------------------------------------------------
lunedì 16 giugno 2025 - 14:35:16
------------------------------------------------------------------------
lunedì 16 giugno 2025 - 14:35:26
------------------------------------------------------------------------
lunedì 16 giugno 2025 - 14:35:36
------------------------------------------------------------------------
lunedì 16 giugno 2025 - 14:35:37
------------------------------------------------------------------------
lunedì 16 giugno 2025 - 14:35:46
------------------------------------------------------------------------
lunedì 16 giugno 2025 - 14:35:56
------------------------------------------------------------------------
lunedì 16 giugno 2025 - 14:36:06
------------------------------------------------------------------------
lunedì 16 giugno 2025 - 14:36:07
------------------------------------------------------------------------
lunedì 16 giugno 2025 - 14:37:32
------------------------------------------------------------------------
lunedì 16 giugno 2025 - 14:38:32
------------------------------------------------------------------------
lunedì 16 giugno 2025 - 14:39:32
------------------------------------------------------------------------
lunedì 16 giugno 2025 - 14:40:32
------------------------------------------------------------------------
lunedì 16 giugno 2025 - 14:41:20
------------------------------------------------------------------------
lunedì 16 giugno 2025 - 14:41:32
------------------------------------------------------------------------
lunedì 16 giugno 2025 - 14:41:32
------------------------------------------------------------------------
lunedì 16 giugno 2025 - 14:41:37
------------------------------------------------------------------------
lunedì 16 giugno 2025 - 14:41:42
------------------------------------------------------------------------
lunedì 16 giugno 2025 - 14:41:42
------------------------------------------------------------------------
lunedì 16 giugno 2025 - 14:41:43
------------------------------------------------------------------------
lunedì 16 giugno 2025 - 14:41:44
------------------------------------------------------------------------
lunedì 16 giugno 2025 - 14:41:46
------------------------------------------------------------------------
lunedì 16 giugno 2025 - 14:41:47
------------------------------------------------------------------------
lunedì 16 giugno 2025 - 14:41:53
------------------------------------------------------------------------
lunedì 16 giugno 2025 - 14:41:56
------------------------------------------------------------------------
lunedì 16 giugno 2025 - 14:41:56
------------------------------------------------------------------------
lunedì 16 giugno 2025 - 14:41:57
------------------------------------------------------------------------
lunedì 16 giugno 2025 - 14:41:57
------------------------------------------------------------------------
lunedì 16 giugno 2025 - 14:41:57
------------------------------------------------------------------------
lunedì 16 giugno 2025 - 14:42:00
------------------------------------------------------------------------
lunedì 16 giugno 2025 - 14:42:03
------------------------------------------------------------------------
lunedì 16 giugno 2025 - 14:42:04
[ErrorHandler::ProcError] Proc error: Non è stato possibile caricare il file o l'assembly 'file:///C:\EVO_DLL\EVO_Contatti.dll' o una delle relative dipendenze. Impossibile trovare il file specificato.
   in System.Reflection.RuntimeAssembly._nLoad(AssemblyName fileName, String codeBase, Evidence assemblySecurity, RuntimeAssembly locationHint, StackCrawlMark& stackMark, IntPtr pPrivHostBinder, Boolean throwOnFileNotFound, Boolean forIntrospection, Boolean suppressSecurityChecks)
   in System.Reflection.RuntimeAssembly.nLoad(AssemblyName fileName, String codeBase, Evidence assemblySecurity, RuntimeAssembly locationHint, StackCrawlMark& stackMark, IntPtr pPrivHostBinder, Boolean throwOnFileNotFound, Boolean forIntrospection, Boolean suppressSecurityChecks)
   in System.Reflection.RuntimeAssembly.InternalLoadAssemblyName(AssemblyName assemblyRef, Evidence assemblySecurity, RuntimeAssembly reqAssembly, StackCrawlMark& stackMark, IntPtr pPrivHostBinder, Boolean throwOnFileNotFound, Boolean forIntrospection, Boolean suppressSecurityChecks)
   in System.Reflection.RuntimeAssembly.InternalLoadFrom(String assemblyFile, Evidence securityEvidence, Byte[] hashValue, AssemblyHashAlgorithm hashAlgorithm, Boolean forIntrospection, Boolean suppressSecurityChecks, StackCrawlMark& stackMark)
   in System.Reflection.Assembly.LoadFrom(String assemblyFile)
   in com.progamma.ids.WebEntryPoint.GetLoader(String LibName)
   in com.progamma.ids.WebEntryPoint.CreateObjFromLibrary(String LibName, String ClsName)
   in MsgHandlerNNAVV.OnSendMessage(IDVariant Message, WebForm Sender, IDDocument Doc, IDVariant Par1, IDVariant Par2, IDVariant Par3, IDVariant Par4)
------------------------------------------------------------------------
lunedì 16 giugno 2025 - 14:42:10
------------------------------------------------------------------------
lunedì 16 giugno 2025 - 14:42:12
------------------------------------------------------------------------
lunedì 16 giugno 2025 - 14:42:13
------------------------------------------------------------------------
lunedì 16 giugno 2025 - 14:42:14
------------------------------------------------------------------------
lunedì 16 giugno 2025 - 14:42:14
------------------------------------------------------------------------
lunedì 16 giugno 2025 - 14:42:14
------------------------------------------------------------------------
lunedì 16 giugno 2025 - 14:42:15
------------------------------------------------------------------------
lunedì 16 giugno 2025 - 14:42:15
------------------------------------------------------------------------
lunedì 16 giugno 2025 - 14:42:17
------------------------------------------------------------------------
lunedì 16 giugno 2025 - 14:42:17
------------------------------------------------------------------------
lunedì 16 giugno 2025 - 14:42:20
------------------------------------------------------------------------
lunedì 16 giugno 2025 - 14:42:20
------------------------------------------------------------------------
lunedì 16 giugno 2025 - 14:42:21
------------------------------------------------------------------------
lunedì 16 giugno 2025 - 14:42:22
------------------------------------------------------------------------
lunedì 16 giugno 2025 - 14:42:22
------------------------------------------------------------------------
lunedì 16 giugno 2025 - 14:42:23
------------------------------------------------------------------------
lunedì 16 giugno 2025 - 14:42:24
------------------------------------------------------------------------
lunedì 16 giugno 2025 - 14:42:26
------------------------------------------------------------------------
lunedì 16 giugno 2025 - 14:42:26
------------------------------------------------------------------------
lunedì 16 giugno 2025 - 14:42:34
------------------------------------------------------------------------
lunedì 16 giugno 2025 - 14:42:37
------------------------------------------------------------------------
lunedì 16 giugno 2025 - 14:42:38
------------------------------------------------------------------------
lunedì 16 giugno 2025 - 14:42:39
------------------------------------------------------------------------
lunedì 16 giugno 2025 - 14:42:39
------------------------------------------------------------------------
lunedì 16 giugno 2025 - 14:42:41
------------------------------------------------------------------------
lunedì 16 giugno 2025 - 14:42:42
------------------------------------------------------------------------
lunedì 16 giugno 2025 - 14:42:42
------------------------------------------------------------------------
lunedì 16 giugno 2025 - 14:42:50
------------------------------------------------------------------------
lunedì 16 giugno 2025 - 14:42:51
------------------------------------------------------------------------
lunedì 16 giugno 2025 - 14:42:51
------------------------------------------------------------------------
lunedì 16 giugno 2025 - 14:42:52
------------------------------------------------------------------------
lunedì 16 giugno 2025 - 14:42:54
------------------------------------------------------------------------
lunedì 16 giugno 2025 - 14:42:55
------------------------------------------------------------------------
lunedì 16 giugno 2025 - 14:42:56
------------------------------------------------------------------------
lunedì 16 giugno 2025 - 14:42:58
------------------------------------------------------------------------
lunedì 16 giugno 2025 - 14:42:58
------------------------------------------------------------------------
lunedì 16 giugno 2025 - 14:42:58
------------------------------------------------------------------------
lunedì 16 giugno 2025 - 14:42:58
------------------------------------------------------------------------
lunedì 16 giugno 2025 - 14:42:59
------------------------------------------------------------------------
lunedì 16 giugno 2025 - 14:43:00
------------------------------------------------------------------------
lunedì 16 giugno 2025 - 14:43:01
------------------------------------------------------------------------
lunedì 16 giugno 2025 - 14:43:02
------------------------------------------------------------------------
lunedì 16 giugno 2025 - 14:43:05
------------------------------------------------------------------------
lunedì 16 giugno 2025 - 14:43:05
------------------------------------------------------------------------
lunedì 16 giugno 2025 - 14:43:07
------------------------------------------------------------------------
lunedì 16 giugno 2025 - 14:43:11
------------------------------------------------------------------------
lunedì 16 giugno 2025 - 14:43:21
------------------------------------------------------------------------
lunedì 16 giugno 2025 - 14:43:21
------------------------------------------------------------------------
lunedì 16 giugno 2025 - 14:43:22
------------------------------------------------------------------------
lunedì 16 giugno 2025 - 14:43:31
------------------------------------------------------------------------
lunedì 16 giugno 2025 - 14:43:41
------------------------------------------------------------------------
lunedì 16 giugno 2025 - 14:43:47
------------------------------------------------------------------------
lunedì 16 giugno 2025 - 14:43:48
------------------------------------------------------------------------
lunedì 16 giugno 2025 - 14:43:51
------------------------------------------------------------------------
lunedì 16 giugno 2025 - 14:43:51
------------------------------------------------------------------------
lunedì 16 giugno 2025 - 14:43:52
------------------------------------------------------------------------
lunedì 16 giugno 2025 - 14:43:53
------------------------------------------------------------------------
lunedì 16 giugno 2025 - 14:43:54
------------------------------------------------------------------------
lunedì 16 giugno 2025 - 14:43:54
------------------------------------------------------------------------
lunedì 16 giugno 2025 - 14:43:55
------------------------------------------------------------------------
lunedì 16 giugno 2025 - 14:43:55
------------------------------------------------------------------------
lunedì 16 giugno 2025 - 14:43:57
------------------------------------------------------------------------
lunedì 16 giugno 2025 - 14:43:58
------------------------------------------------------------------------
lunedì 16 giugno 2025 - 14:44:01
------------------------------------------------------------------------
lunedì 16 giugno 2025 - 14:44:11
------------------------------------------------------------------------
lunedì 16 giugno 2025 - 14:44:21
------------------------------------------------------------------------
lunedì 16 giugno 2025 - 14:44:21
------------------------------------------------------------------------
lunedì 16 giugno 2025 - 14:44:22
------------------------------------------------------------------------
lunedì 16 giugno 2025 - 14:44:32
------------------------------------------------------------------------
lunedì 16 giugno 2025 - 14:44:42
------------------------------------------------------------------------
lunedì 16 giugno 2025 - 14:44:52
------------------------------------------------------------------------
lunedì 16 giugno 2025 - 14:44:53
------------------------------------------------------------------------
lunedì 16 giugno 2025 - 14:44:54
------------------------------------------------------------------------
lunedì 16 giugno 2025 - 14:45:02
------------------------------------------------------------------------
lunedì 16 giugno 2025 - 14:45:12
------------------------------------------------------------------------
lunedì 16 giugno 2025 - 14:45:22
------------------------------------------------------------------------
lunedì 16 giugno 2025 - 14:45:23
------------------------------------------------------------------------
lunedì 16 giugno 2025 - 14:45:24
------------------------------------------------------------------------
lunedì 16 giugno 2025 - 14:45:32
------------------------------------------------------------------------
lunedì 16 giugno 2025 - 14:45:42
------------------------------------------------------------------------
lunedì 16 giugno 2025 - 14:45:52
------------------------------------------------------------------------
lunedì 16 giugno 2025 - 14:45:53
------------------------------------------------------------------------
lunedì 16 giugno 2025 - 14:45:54
------------------------------------------------------------------------
lunedì 16 giugno 2025 - 14:46:02
------------------------------------------------------------------------
lunedì 16 giugno 2025 - 14:46:12
------------------------------------------------------------------------
lunedì 16 giugno 2025 - 14:46:22
------------------------------------------------------------------------
lunedì 16 giugno 2025 - 14:46:23
------------------------------------------------------------------------
lunedì 16 giugno 2025 - 14:46:23
