------------------------------------------------------------------------
mercoledì 11 giugno 2025 - 12:06:42
[ErrorHandler::ProcError] Proc error: Riferimento a un oggetto non impostato su un'istanza di oggetto.
   in com.progamma.IDConnection.BeginTrans()
   in com.progamma.doc.MDOInit.SaveToDB(IDDocument Doc, Int32 ChildLevel, Boolean ReValidate)
   in com.progamma.doc.IDDocument.SaveToDB(Int32 ChildLevel, Boolean Revalidate)
   in ComuneDLL.MyWebEntryPoint.RboSaveToDB(IDDocument doc, IDVariant sEsito, IDVariant NumeroLivelli, IDVariant Rivalidazione)
[ErrorHandler::ProcError] Proc error: Riferimento a un oggetto non impostato su un'istanza di oggetto.
   in com.progamma.IDConnection.BeginTrans()
   in com.progamma.doc.MDOInit.SaveToDB(IDDocument Doc, Int32 ChildLevel, Boolean ReValidate)
   in com.progamma.doc.IDDocument.SaveToDB(Int32 ChildLevel, Boolean Revalidate)
   in ComuneDLL.MyWebEntryPoint.RboSaveToDB(IDDocument doc, IDVariant sEsito, IDVariant NumeroLivelli, IDVariant Rivalidazione)
[ErrorHandler::ProcError] Proc error: Riferimento a un oggetto non impostato su un'istanza di oggetto.
   in com.progamma.IDCachedRowSet.CreateDataAdapter(String IntCmd, IDConnection Con)
   in com.progamma.IDCachedRowSet.execute(ArrayList Params, IDConnection Con)
   in com.progamma.IDConnection.OpenRS(String SQL)
   in com.progamma.IDConnection.OpenRS(StringBuilder SQL)
   in ComuneDLL.MyWebEntryPoint.GetInDeCFG(IDVariant sUserID, IDVariant sGruppo, IDVariant sApplicazione, IDVariant sProcedura, IDVariant sModulo, IDVariant sCampo, IDVariant rRBOCFG)
[ErrorHandler::ProcError] Proc error: Riferimento a un oggetto non impostato su un'istanza di oggetto.
   in com.progamma.IDCachedRowSet.CreateDataAdapter(String IntCmd, IDConnection Con)
   in com.progamma.IDCachedRowSet.execute(ArrayList Params, IDConnection Con)
   in com.progamma.IDConnection.OpenRS(String SQL)
   in com.progamma.IDConnection.OpenRS(StringBuilder SQL)
   in ComuneDLL.MyWebEntryPoint.GetInDeCFG(IDVariant sUserID, IDVariant sGruppo, IDVariant sApplicazione, IDVariant sProcedura, IDVariant sModulo, IDVariant sCampo, IDVariant rRBOCFG)
[ErrorHandler::ProcError] Proc error: Riferimento a un oggetto non impostato su un'istanza di oggetto.
   in com.progamma.IDCachedRowSet.CreateDataAdapter(String IntCmd, IDConnection Con)
   in com.progamma.IDCachedRowSet.execute(ArrayList Params, IDConnection Con)
   in com.progamma.IDConnection.OpenRS(String SQL)
   in com.progamma.IDConnection.OpenRS(StringBuilder SQL)
   in ComuneDLL.MyWebEntryPoint.GetIndeParametri(IDVariant sChiave)
[ErrorHandler::ProcError] Proc error: Riferimento a un oggetto non impostato su un'istanza di oggetto.
   in com.progamma.IDCachedRowSet.CreateDataAdapter(String IntCmd, IDConnection Con)
   in com.progamma.IDCachedRowSet.execute(ArrayList Params, IDConnection Con)
   in com.progamma.IDConnection.OpenRS(String SQL)
   in com.progamma.IDConnection.OpenRS(StringBuilder SQL)
   in ComuneDLL.MyWebEntryPoint.GetIndeParametri(IDVariant sChiave)
[ErrorHandler::ProcError] Proc error: Riferimento a un oggetto non impostato su un'istanza di oggetto.
   in com.progamma.IDCachedRowSet.CreateDataAdapter(String IntCmd, IDConnection Con)
   in com.progamma.IDCachedRowSet.execute(ArrayList Params, IDConnection Con)
   in com.progamma.IDConnection.OpenRS(String SQL)
   in com.progamma.IDConnection.OpenRS(StringBuilder SQL)
   in ComuneDLL.MyWebEntryPoint.GetIndeParametri(IDVariant sChiave)
[ErrorHandler::ProcError] Proc error: Riferimento a un oggetto non impostato su un'istanza di oggetto.
   in com.progamma.IDCachedRowSet.CreateDataAdapter(String IntCmd, IDConnection Con)
   in com.progamma.IDCachedRowSet.execute(ArrayList Params, IDConnection Con)
   in com.progamma.IDConnection.OpenRS(String SQL)
   in com.progamma.IDConnection.OpenRS(StringBuilder SQL)
   in ComuneDLL.MyWebEntryPoint.GetIndeParametri(IDVariant sChiave)
[ErrorHandler::ProcError] Proc error: Riferimento a un oggetto non impostato su un'istanza di oggetto.
   in com.progamma.IDCachedRowSet.CreateDataAdapter(String IntCmd, IDConnection Con)
   in com.progamma.IDCachedRowSet.execute(ArrayList Params, IDConnection Con)
   in com.progamma.IDConnection.OpenRS(String SQL)
   in com.progamma.IDConnection.OpenRS(StringBuilder SQL)
   in ComuneDLL.MyWebEntryPoint.GetIndeParametri(IDVariant sChiave)
[ErrorHandler::ProcError] Proc error: Riferimento a un oggetto non impostato su un'istanza di oggetto.
   in com.progamma.IDCachedRowSet.CreateDataAdapter(String IntCmd, IDConnection Con)
   in com.progamma.IDCachedRowSet.execute(ArrayList Params, IDConnection Con)
   in com.progamma.IDConnection.OpenRS(String SQL)
   in com.progamma.IDConnection.OpenRS(StringBuilder SQL)
   in ComuneDLL.MyWebEntryPoint.GetIndeParametri(IDVariant sChiave)
[ErrorHandler::ProcError] Proc error: Riferimento a un oggetto non impostato su un'istanza di oggetto.
   in com.progamma.IDCachedRowSet.CreateDataAdapter(String IntCmd, IDConnection Con)
   in com.progamma.IDCachedRowSet.execute(ArrayList Params, IDConnection Con)
   in com.progamma.IDConnection.OpenRS(String SQL)
   in com.progamma.IDConnection.OpenRS(StringBuilder SQL)
   in ComuneDLL.MyWebEntryPoint.GetIndeParametri(IDVariant sChiave)
[ErrorHandler::ProcError] Proc error: Riferimento a un oggetto non impostato su un'istanza di oggetto.
   in com.progamma.IDCachedRowSet.CreateDataAdapter(String IntCmd, IDConnection Con)
   in com.progamma.IDCachedRowSet.execute(ArrayList Params, IDConnection Con)
   in com.progamma.IDConnection.OpenRS(String SQL)
   in com.progamma.IDConnection.OpenRS(StringBuilder SQL)
   in ComuneDLL.MyWebEntryPoint.GetIndeParametri(IDVariant sChiave)
[ErrorHandler::ProcError] Proc error: Riferimento a un oggetto non impostato su un'istanza di oggetto.
   in com.progamma.IDCachedRowSet.CreateDataAdapter(String IntCmd, IDConnection Con)
   in com.progamma.IDCachedRowSet.execute(ArrayList Params, IDConnection Con)
   in com.progamma.IDConnection.OpenRS(String SQL)
   in com.progamma.IDConnection.OpenRS(StringBuilder SQL)
   in ComuneDLL.MyWebEntryPoint.GetInDeCFG(IDVariant sUserID, IDVariant sGruppo, IDVariant sApplicazione, IDVariant sProcedura, IDVariant sModulo, IDVariant sCampo, IDVariant rRBOCFG)
[ErrorHandler::ProcError] Proc error: Riferimento a un oggetto non impostato su un'istanza di oggetto.
   in com.progamma.IDCachedRowSet.CreateDataAdapter(String IntCmd, IDConnection Con)
   in com.progamma.IDCachedRowSet.execute(ArrayList Params, IDConnection Con)
   in com.progamma.IDConnection.OpenRS(String SQL)
   in com.progamma.IDConnection.OpenRS(StringBuilder SQL)
   in ComuneDLL.MyWebEntryPoint.GetInDeCFG(IDVariant sUserID, IDVariant sGruppo, IDVariant sApplicazione, IDVariant sProcedura, IDVariant sModulo, IDVariant sCampo, IDVariant rRBOCFG)
[ErrorHandler::ProcError] Proc error: Riferimento a un oggetto non impostato su un'istanza di oggetto.
   in com.progamma.IDCachedRowSet.CreateDataAdapter(String IntCmd, IDConnection Con)
   in com.progamma.IDCachedRowSet.execute(ArrayList Params, IDConnection Con)
   in com.progamma.IDConnection.OpenRS(String SQL)
   in com.progamma.IDConnection.OpenRS(StringBuilder SQL)
   in ComuneDLL.MyWebEntryPoint.GetInDeCFG(IDVariant sUserID, IDVariant sGruppo, IDVariant sApplicazione, IDVariant sProcedura, IDVariant sModulo, IDVariant sCampo, IDVariant rRBOCFG)
[ErrorHandler::ProcError] Proc error: Riferimento a un oggetto non impostato su un'istanza di oggetto.
   in com.progamma.IDCachedRowSet.CreateDataAdapter(String IntCmd, IDConnection Con)
   in com.progamma.IDCachedRowSet.execute(ArrayList Params, IDConnection Con)
   in com.progamma.IDConnection.OpenRS(String SQL)
   in com.progamma.IDConnection.OpenRS(StringBuilder SQL)
   in ComuneDLL.MyWebEntryPoint.GetInDeCFG(IDVariant sUserID, IDVariant sGruppo, IDVariant sApplicazione, IDVariant sProcedura, IDVariant sModulo, IDVariant sCampo, IDVariant rRBOCFG)
[ErrorHandler::ProcError] Proc error: Riferimento a un oggetto non impostato su un'istanza di oggetto.
   in com.progamma.IDCachedRowSet.CreateDataAdapter(String IntCmd, IDConnection Con)
   in com.progamma.IDCachedRowSet.execute(ArrayList Params, IDConnection Con)
   in com.progamma.IDConnection.OpenRS(String SQL)
   in com.progamma.IDConnection.OpenRS(StringBuilder SQL)
   in ComuneDLL.MyWebEntryPoint.GetInDeCFG(IDVariant sUserID, IDVariant sGruppo, IDVariant sApplicazione, IDVariant sProcedura, IDVariant sModulo, IDVariant sCampo, IDVariant rRBOCFG)
[ErrorHandler::ProcError] Proc error: Riferimento a un oggetto non impostato su un'istanza di oggetto.
   in com.progamma.IDCachedRowSet.CreateDataAdapter(String IntCmd, IDConnection Con)
   in com.progamma.IDCachedRowSet.execute(ArrayList Params, IDConnection Con)
   in com.progamma.IDConnection.OpenRS(String SQL)
   in com.progamma.IDConnection.OpenRS(StringBuilder SQL)
   in ComuneDLL.MyWebEntryPoint.GetInDeCFG(IDVariant sUserID, IDVariant sGruppo, IDVariant sApplicazione, IDVariant sProcedura, IDVariant sModulo, IDVariant sCampo, IDVariant rRBOCFG)
[ErrorHandler::ProcError] Proc error: Riferimento a un oggetto non impostato su un'istanza di oggetto.
   in com.progamma.IDCachedRowSet.CreateDataAdapter(String IntCmd, IDConnection Con)
   in com.progamma.IDCachedRowSet.execute(ArrayList Params, IDConnection Con)
   in com.progamma.IDConnection.OpenRS(String SQL)
   in com.progamma.IDConnection.OpenRS(StringBuilder SQL)
   in ComuneDLL.MyWebEntryPoint.GetInDeCFG(IDVariant sUserID, IDVariant sGruppo, IDVariant sApplicazione, IDVariant sProcedura, IDVariant sModulo, IDVariant sCampo, IDVariant rRBOCFG)
[ErrorHandler::ProcError] Proc error: Riferimento a un oggetto non impostato su un'istanza di oggetto.
   in com.progamma.IDCachedRowSet.CreateDataAdapter(String IntCmd, IDConnection Con)
   in com.progamma.IDCachedRowSet.execute(ArrayList Params, IDConnection Con)
   in com.progamma.IDConnection.OpenRS(String SQL)
   in com.progamma.IDConnection.OpenRS(StringBuilder SQL)
   in ComuneDLL.MyWebEntryPoint.GetInDeCFG(IDVariant sUserID, IDVariant sGruppo, IDVariant sApplicazione, IDVariant sProcedura, IDVariant sModulo, IDVariant sCampo, IDVariant rRBOCFG)
[ErrorHandler::ProcError] Proc error: Riferimento a un oggetto non impostato su un'istanza di oggetto.
   in com.progamma.IDCachedRowSet.CreateDataAdapter(String IntCmd, IDConnection Con)
   in com.progamma.IDCachedRowSet.execute(ArrayList Params, IDConnection Con)
   in com.progamma.IDConnection.OpenRS(String SQL)
   in com.progamma.IDConnection.OpenRS(StringBuilder SQL)
   in ComuneDLL.MyWebEntryPoint.GETICONAFA_OPINTAFAIIIS()
   in ComuneDLL.MyWebEntryPoint.GetIconaFA(IDVariant Nome, IDVariant color, IDVariant title)
[ErrorHandler::ProcError] Proc error: Riferimento a un oggetto non impostato su un'istanza di oggetto.
   in com.progamma.IDCachedRowSet.CreateDataAdapter(String IntCmd, IDConnection Con)
   in com.progamma.IDCachedRowSet.execute(ArrayList Params, IDConnection Con)
   in com.progamma.IDConnection.OpenRS(String SQL)
   in com.progamma.IDConnection.OpenRS(StringBuilder SQL)
   in ComuneDLL.MyWebEntryPoint.GETICONAFA_OPINTAFAIIIS()
   in ComuneDLL.MyWebEntryPoint.GetIconaFA(IDVariant Nome, IDVariant color, IDVariant title)
[ErrorHandler::ProcError] Proc error: Riferimento a un oggetto non impostato su un'istanza di oggetto.
   in com.progamma.IDCachedRowSet.CreateDataAdapter(String IntCmd, IDConnection Con)
   in com.progamma.IDCachedRowSet.execute(ArrayList Params, IDConnection Con)
   in com.progamma.IDConnection.OpenRS(String SQL)
   in com.progamma.IDConnection.OpenRS(StringBuilder SQL)
   in ComuneDLL.MyWebEntryPoint.GETICONAFA_OPINTAFAIIIS()
   in ComuneDLL.MyWebEntryPoint.GetIconaFA(IDVariant Nome, IDVariant color, IDVariant title)
[ErrorHandler::ProcError] Proc error: Riferimento a un oggetto non impostato su un'istanza di oggetto.
   in com.progamma.IDCachedRowSet.CreateDataAdapter(String IntCmd, IDConnection Con)
   in com.progamma.IDCachedRowSet.execute(ArrayList Params, IDConnection Con)
   in com.progamma.IDConnection.OpenRS(String SQL)
   in com.progamma.IDConnection.OpenRS(StringBuilder SQL)
   in ComuneDLL.MyWebEntryPoint.GETICONAFA_OPINTAFAIIIS()
   in ComuneDLL.MyWebEntryPoint.GetIconaFA(IDVariant Nome, IDVariant color, IDVariant title)
[ErrorHandler::ProcError] Proc error: Riferimento a un oggetto non impostato su un'istanza di oggetto.
   in com.progamma.IDCachedRowSet.CreateDataAdapter(String IntCmd, IDConnection Con)
   in com.progamma.IDCachedRowSet.execute(ArrayList Params, IDConnection Con)
   in com.progamma.IDConnection.OpenRS(String SQL)
   in com.progamma.IDConnection.OpenRS(StringBuilder SQL)
   in ComuneDLL.MyWebEntryPoint.GETICONAFA_OPINTAFAIIIS()
   in ComuneDLL.MyWebEntryPoint.GetIconaFA(IDVariant Nome, IDVariant color, IDVariant title)
[ErrorHandler::ProcError] Proc error: Riferimento a un oggetto non impostato su un'istanza di oggetto.
   in com.progamma.IDCachedRowSet.CreateDataAdapter(String IntCmd, IDConnection Con)
   in com.progamma.IDCachedRowSet.execute(ArrayList Params, IDConnection Con)
   in com.progamma.IDConnection.OpenRS(String SQL)
   in com.progamma.IDConnection.OpenRS(StringBuilder SQL)
   in ComuneDLL.MyWebEntryPoint.GETICONAFA_OPINTAFAIIIS()
   in ComuneDLL.MyWebEntryPoint.GetIconaFA(IDVariant Nome, IDVariant color, IDVariant title)
[ErrorHandler::ProcError] Proc error: Riferimento a un oggetto non impostato su un'istanza di oggetto.
   in com.progamma.IDConnection.Execute(String SQL)
   in com.progamma.IDConnection.Execute(StringBuilder SQL)
   in MyWebEntryPoint.ProcedureInitializeDB()
[ErrorHandler::ProcError] Proc error: Riferimento a un oggetto non impostato su un'istanza di oggetto.
   in com.progamma.IDConnection.Execute(String SQL)
   in com.progamma.IDConnection.Execute(StringBuilder SQL)
   in MyWebEntryPoint.ProcedureInitializeDB()
[ErrorHandler::ProcError] Proc error: Riferimento a un oggetto non impostato su un'istanza di oggetto.
   in com.progamma.IDConnection.BeginTrans()
   in com.progamma.doc.MDOInit.SaveToDB(IDDocument Doc, Int32 ChildLevel, Boolean ReValidate)
   in com.progamma.doc.IDDocument.SaveToDB(Int32 ChildLevel, Boolean Revalidate)
   in ComuneDLL.MyWebEntryPoint.RboSaveToDB(IDDocument doc, IDVariant sEsito, IDVariant NumeroLivelli, IDVariant Rivalidazione)
[ErrorHandler::ProcError] Proc error: Riferimento a un oggetto non impostato su un'istanza di oggetto.
   in com.progamma.IDConnection.BeginTrans()
   in com.progamma.doc.MDOInit.SaveToDB(IDDocument Doc, Int32 ChildLevel, Boolean ReValidate)
   in com.progamma.doc.IDDocument.SaveToDB(Int32 ChildLevel, Boolean Revalidate)
   in ComuneDLL.MyWebEntryPoint.RboSaveToDB(IDDocument doc, IDVariant sEsito, IDVariant NumeroLivelli, IDVariant Rivalidazione)
[ErrorHandler::ProcError] Proc error: Riferimento a un oggetto non impostato su un'istanza di oggetto.
   in com.progamma.IDCachedRowSet.CreateDataAdapter(String IntCmd, IDConnection Con)
   in com.progamma.IDCachedRowSet.execute(ArrayList Params, IDConnection Con)
   in com.progamma.IDConnection.OpenRS(String SQL)
   in com.progamma.IDConnection.OpenRS(StringBuilder SQL)
   in MyWebEntryPoint.InitApp()
[ErrorHandler::ProcError] Proc error: Riferimento a un oggetto non impostato su un'istanza di oggetto.
   in com.progamma.IDCachedRowSet.CreateDataAdapter(String IntCmd, IDConnection Con)
   in com.progamma.IDCachedRowSet.execute(ArrayList Params, IDConnection Con)
   in com.progamma.IDConnection.OpenRS(String SQL)
   in com.progamma.IDConnection.OpenRS(StringBuilder SQL)
   in MyWebEntryPoint.InitApp()
------------------------------------------------------------------------
mercoledì 11 giugno 2025 - 12:10:57
[ErrorHandler::ProcError] Proc error: Riferimento a un oggetto non impostato su un'istanza di oggetto.
   in com.progamma.IDCachedRowSet.CreateDataAdapter(String IntCmd, IDConnection Con)
   in com.progamma.IDCachedRowSet.execute(ArrayList Params, IDConnection Con)
   in com.progamma.IDConnection.OpenRS(String SQL)
   in com.progamma.IDConnection.OpenRS(StringBuilder SQL)
   in ComuneDLL.MyWebEntryPoint.GetInDeCFG(IDVariant sUserID, IDVariant sGruppo, IDVariant sApplicazione, IDVariant sProcedura, IDVariant sModulo, IDVariant sCampo, IDVariant rRBOCFG)
[ErrorHandler::ProcError] Proc error: Riferimento a un oggetto non impostato su un'istanza di oggetto.
   in com.progamma.IDCachedRowSet.CreateDataAdapter(String IntCmd, IDConnection Con)
   in com.progamma.IDCachedRowSet.execute(ArrayList Params, IDConnection Con)
   in com.progamma.IDConnection.OpenRS(String SQL)
   in com.progamma.IDConnection.OpenRS(StringBuilder SQL)
   in ClasseCripta.ClsCripta.Cripta(IDVariant sString, MyWebEntryPoint MainFrm, IMDBObj IMDB)
[ErrorHandler::ProcError] Proc error: Riferimento a un oggetto non impostato su un'istanza di oggetto.
   in com.progamma.IDCachedRowSet.CreateDataAdapter(String IntCmd, IDConnection Con)
   in com.progamma.IDCachedRowSet.execute(ArrayList Params, IDConnection Con)
   in com.progamma.IDConnection.OpenRS(String SQL)
   in com.progamma.IDConnection.OpenRS(StringBuilder SQL)
   in ClasseCripta.ClsCripta.Cripta(IDVariant sString, MyWebEntryPoint MainFrm, IMDBObj IMDB)
[ErrorHandler::ProcError] Proc error: Riferimento a un oggetto non impostato su un'istanza di oggetto.
   in com.progamma.IDCachedRowSet.CreateDataAdapter(String IntCmd, IDConnection Con)
   in com.progamma.IDCachedRowSet.execute(ArrayList Params, IDConnection Con)
   in com.progamma.IDConnection.OpenRS(String SQL)
   in com.progamma.IDConnection.OpenRS(StringBuilder SQL)
   in ComuneDLL.MyWebEntryPoint.GetIndeParametri(IDVariant sChiave)
[ErrorHandler::ProcError] Proc error: Riferimento a un oggetto non impostato su un'istanza di oggetto.
   in com.progamma.IDCachedRowSet.CreateDataAdapter(String IntCmd, IDConnection Con)
   in com.progamma.IDCachedRowSet.execute(ArrayList Params, IDConnection Con)
   in com.progamma.IDConnection.OpenRS(String SQL)
   in com.progamma.IDConnection.OpenRS(StringBuilder SQL)
   in ComuneDLL.MyWebEntryPoint.CambiaCNN(IDVariant sUserID, IDBObject DB, IDBObject DBComune)
------------------------------------------------------------------------
mercoledì 11 giugno 2025 - 12:13:38
[ErrorHandler::ProcError] Proc error: Riferimento a un oggetto non impostato su un'istanza di oggetto.
   in com.progamma.IDCachedRowSet.CreateDataAdapter(String IntCmd, IDConnection Con)
   in com.progamma.IDCachedRowSet.execute(ArrayList Params, IDConnection Con)
   in com.progamma.IDConnection.OpenRS(String SQL)
   in com.progamma.IDConnection.OpenRS(StringBuilder SQL)
   in ComuneDLL.MyWebEntryPoint.GetInDeCFG(IDVariant sUserID, IDVariant sGruppo, IDVariant sApplicazione, IDVariant sProcedura, IDVariant sModulo, IDVariant sCampo, IDVariant rRBOCFG)
[ErrorHandler::ProcError] Proc error: Riferimento a un oggetto non impostato su un'istanza di oggetto.
   in com.progamma.IDCachedRowSet.CreateDataAdapter(String IntCmd, IDConnection Con)
   in com.progamma.IDCachedRowSet.execute(ArrayList Params, IDConnection Con)
   in com.progamma.IDConnection.OpenRS(String SQL)
   in com.progamma.IDConnection.OpenRS(StringBuilder SQL)
   in ClasseCripta.ClsCripta.Cripta(IDVariant sString, MyWebEntryPoint MainFrm, IMDBObj IMDB)
[ErrorHandler::ProcError] Proc error: Riferimento a un oggetto non impostato su un'istanza di oggetto.
   in com.progamma.IDCachedRowSet.CreateDataAdapter(String IntCmd, IDConnection Con)
   in com.progamma.IDCachedRowSet.execute(ArrayList Params, IDConnection Con)
   in com.progamma.IDConnection.OpenRS(String SQL)
   in com.progamma.IDConnection.OpenRS(StringBuilder SQL)
   in ClasseCripta.ClsCripta.Cripta(IDVariant sString, MyWebEntryPoint MainFrm, IMDBObj IMDB)
[ErrorHandler::ProcError] Proc error: Riferimento a un oggetto non impostato su un'istanza di oggetto.
   in com.progamma.IDCachedRowSet.CreateDataAdapter(String IntCmd, IDConnection Con)
   in com.progamma.IDCachedRowSet.execute(ArrayList Params, IDConnection Con)
   in com.progamma.IDConnection.OpenRS(String SQL)
   in com.progamma.IDConnection.OpenRS(StringBuilder SQL)
   in ComuneDLL.MyWebEntryPoint.GetIndeParametri(IDVariant sChiave)
[ErrorHandler::ProcError] Proc error: Riferimento a un oggetto non impostato su un'istanza di oggetto.
   in com.progamma.IDCachedRowSet.CreateDataAdapter(String IntCmd, IDConnection Con)
   in com.progamma.IDCachedRowSet.execute(ArrayList Params, IDConnection Con)
   in com.progamma.IDConnection.OpenRS(String SQL)
   in com.progamma.IDConnection.OpenRS(StringBuilder SQL)
   in ComuneDLL.MyWebEntryPoint.CambiaCNN(IDVariant sUserID, IDBObject DB, IDBObject DBComune)
------------------------------------------------------------------------
mercoledì 11 giugno 2025 - 12:13:44
------------------------------------------------------------------------
mercoledì 11 giugno 2025 - 12:13:44
------------------------------------------------------------------------
mercoledì 11 giugno 2025 - 12:13:45
------------------------------------------------------------------------
mercoledì 11 giugno 2025 - 12:13:47
------------------------------------------------------------------------
mercoledì 11 giugno 2025 - 12:13:47
------------------------------------------------------------------------
mercoledì 11 giugno 2025 - 12:13:47
------------------------------------------------------------------------
mercoledì 11 giugno 2025 - 12:13:47
------------------------------------------------------------------------
mercoledì 11 giugno 2025 - 12:16:15
------------------------------------------------------------------------
mercoledì 11 giugno 2025 - 12:16:39
------------------------------------------------------------------------
mercoledì 11 giugno 2025 - 12:16:40
------------------------------------------------------------------------
mercoledì 11 giugno 2025 - 12:16:42
------------------------------------------------------------------------
mercoledì 11 giugno 2025 - 12:16:42
[ErrorHandler::ProcError] Proc error: Riferimento a un oggetto non impostato su un'istanza di oggetto.
   in MyWebEntryPoint.OnCommand(IDVariant Command)
------------------------------------------------------------------------
mercoledì 11 giugno 2025 - 12:16:44
------------------------------------------------------------------------
mercoledì 11 giugno 2025 - 12:16:46
------------------------------------------------------------------------
mercoledì 11 giugno 2025 - 12:16:51
------------------------------------------------------------------------
mercoledì 11 giugno 2025 - 12:17:01
------------------------------------------------------------------------
mercoledì 11 giugno 2025 - 12:17:11
------------------------------------------------------------------------
mercoledì 11 giugno 2025 - 12:17:11
------------------------------------------------------------------------
mercoledì 11 giugno 2025 - 12:17:12
------------------------------------------------------------------------
mercoledì 11 giugno 2025 - 12:17:12
------------------------------------------------------------------------
mercoledì 11 giugno 2025 - 12:17:12
------------------------------------------------------------------------
mercoledì 11 giugno 2025 - 12:17:13
------------------------------------------------------------------------
mercoledì 11 giugno 2025 - 12:17:14
[ErrorHandler::ProcError] Proc error: Riferimento a un oggetto non impostato su un'istanza di oggetto.
   in MyWebEntryPoint.OnCommand(IDVariant Command)
------------------------------------------------------------------------
mercoledì 11 giugno 2025 - 12:17:14
------------------------------------------------------------------------
mercoledì 11 giugno 2025 - 12:17:16
------------------------------------------------------------------------
mercoledì 11 giugno 2025 - 12:17:16
------------------------------------------------------------------------
mercoledì 11 giugno 2025 - 12:17:16
------------------------------------------------------------------------
mercoledì 11 giugno 2025 - 12:17:17
[ErrorHandler::ProcError] Proc error: Riferimento a un oggetto non impostato su un'istanza di oggetto.
   in MyWebEntryPoint.OnCommand(IDVariant Command)
------------------------------------------------------------------------
mercoledì 11 giugno 2025 - 12:17:17
------------------------------------------------------------------------
mercoledì 11 giugno 2025 - 12:17:19
------------------------------------------------------------------------
mercoledì 11 giugno 2025 - 12:17:23
------------------------------------------------------------------------
mercoledì 11 giugno 2025 - 12:17:25
------------------------------------------------------------------------
mercoledì 11 giugno 2025 - 12:17:27
------------------------------------------------------------------------
mercoledì 11 giugno 2025 - 12:17:32
------------------------------------------------------------------------
mercoledì 11 giugno 2025 - 12:17:32
------------------------------------------------------------------------
mercoledì 11 giugno 2025 - 12:17:32
------------------------------------------------------------------------
mercoledì 11 giugno 2025 - 12:17:33
------------------------------------------------------------------------
mercoledì 11 giugno 2025 - 12:17:36
[ErrorHandler::ProcError] Proc error: Riferimento a un oggetto non impostato su un'istanza di oggetto.
   in MyWebEntryPoint.OnCommand(IDVariant Command)
------------------------------------------------------------------------
mercoledì 11 giugno 2025 - 12:17:38
------------------------------------------------------------------------
mercoledì 11 giugno 2025 - 12:17:42
------------------------------------------------------------------------
mercoledì 11 giugno 2025 - 12:17:46
------------------------------------------------------------------------
mercoledì 11 giugno 2025 - 12:17:46
------------------------------------------------------------------------
mercoledì 11 giugno 2025 - 12:17:47
------------------------------------------------------------------------
mercoledì 11 giugno 2025 - 12:17:48
------------------------------------------------------------------------
mercoledì 11 giugno 2025 - 12:17:52
[ErrorHandler::ProcError] Proc error: Riferimento a un oggetto non impostato su un'istanza di oggetto.
   in MyWebEntryPoint.OnCommand(IDVariant Command)
------------------------------------------------------------------------
mercoledì 11 giugno 2025 - 12:17:52
------------------------------------------------------------------------
mercoledì 11 giugno 2025 - 12:17:57
------------------------------------------------------------------------
mercoledì 11 giugno 2025 - 12:18:07
------------------------------------------------------------------------
mercoledì 11 giugno 2025 - 12:18:17
------------------------------------------------------------------------
mercoledì 11 giugno 2025 - 12:18:17
------------------------------------------------------------------------
mercoledì 11 giugno 2025 - 12:18:24
------------------------------------------------------------------------
mercoledì 11 giugno 2025 - 12:18:29
------------------------------------------------------------------------
mercoledì 11 giugno 2025 - 12:18:33
------------------------------------------------------------------------
mercoledì 11 giugno 2025 - 12:18:58
------------------------------------------------------------------------
mercoledì 11 giugno 2025 - 12:19:09
------------------------------------------------------------------------
mercoledì 11 giugno 2025 - 12:19:10
------------------------------------------------------------------------
mercoledì 11 giugno 2025 - 12:19:10
------------------------------------------------------------------------
mercoledì 11 giugno 2025 - 12:19:11
------------------------------------------------------------------------
mercoledì 11 giugno 2025 - 12:19:13
------------------------------------------------------------------------
mercoledì 11 giugno 2025 - 12:19:15
------------------------------------------------------------------------
mercoledì 11 giugno 2025 - 12:19:21
------------------------------------------------------------------------
mercoledì 11 giugno 2025 - 12:19:31
------------------------------------------------------------------------
mercoledì 11 giugno 2025 - 12:19:41
------------------------------------------------------------------------
mercoledì 11 giugno 2025 - 12:19:41
------------------------------------------------------------------------
mercoledì 11 giugno 2025 - 12:19:41
------------------------------------------------------------------------
mercoledì 11 giugno 2025 - 12:19:51
------------------------------------------------------------------------
mercoledì 11 giugno 2025 - 12:20:01
------------------------------------------------------------------------
mercoledì 11 giugno 2025 - 12:20:11
------------------------------------------------------------------------
mercoledì 11 giugno 2025 - 12:20:11
------------------------------------------------------------------------
mercoledì 11 giugno 2025 - 12:20:11
------------------------------------------------------------------------
mercoledì 11 giugno 2025 - 12:20:21
------------------------------------------------------------------------
mercoledì 11 giugno 2025 - 12:20:31
------------------------------------------------------------------------
mercoledì 11 giugno 2025 - 12:20:41
------------------------------------------------------------------------
mercoledì 11 giugno 2025 - 12:20:41
------------------------------------------------------------------------
mercoledì 11 giugno 2025 - 12:20:41
------------------------------------------------------------------------
mercoledì 11 giugno 2025 - 12:20:51
------------------------------------------------------------------------
mercoledì 11 giugno 2025 - 12:21:01
------------------------------------------------------------------------
mercoledì 11 giugno 2025 - 12:21:11
------------------------------------------------------------------------
mercoledì 11 giugno 2025 - 12:21:11
------------------------------------------------------------------------
mercoledì 11 giugno 2025 - 12:21:11
------------------------------------------------------------------------
mercoledì 11 giugno 2025 - 12:21:21
------------------------------------------------------------------------
mercoledì 11 giugno 2025 - 12:21:31
------------------------------------------------------------------------
mercoledì 11 giugno 2025 - 12:21:32
------------------------------------------------------------------------
mercoledì 11 giugno 2025 - 12:21:32
------------------------------------------------------------------------
mercoledì 11 giugno 2025 - 12:21:33
------------------------------------------------------------------------
mercoledì 11 giugno 2025 - 12:21:33
------------------------------------------------------------------------
mercoledì 11 giugno 2025 - 12:27:01
------------------------------------------------------------------------
mercoledì 11 giugno 2025 - 12:27:02
------------------------------------------------------------------------
mercoledì 11 giugno 2025 - 12:27:02
------------------------------------------------------------------------
mercoledì 11 giugno 2025 - 12:27:04
------------------------------------------------------------------------
mercoledì 11 giugno 2025 - 12:27:05
------------------------------------------------------------------------
mercoledì 11 giugno 2025 - 12:27:06
------------------------------------------------------------------------
mercoledì 11 giugno 2025 - 12:27:06
------------------------------------------------------------------------
mercoledì 11 giugno 2025 - 12:27:07
------------------------------------------------------------------------
mercoledì 11 giugno 2025 - 12:27:07
------------------------------------------------------------------------
mercoledì 11 giugno 2025 - 12:27:09
------------------------------------------------------------------------
mercoledì 11 giugno 2025 - 12:27:09
------------------------------------------------------------------------
mercoledì 11 giugno 2025 - 12:27:09
------------------------------------------------------------------------
mercoledì 11 giugno 2025 - 12:27:09
------------------------------------------------------------------------
mercoledì 11 giugno 2025 - 12:27:14
------------------------------------------------------------------------
mercoledì 11 giugno 2025 - 12:27:24
------------------------------------------------------------------------
mercoledì 11 giugno 2025 - 12:27:34
------------------------------------------------------------------------
mercoledì 11 giugno 2025 - 12:27:35
------------------------------------------------------------------------
mercoledì 11 giugno 2025 - 12:27:44
------------------------------------------------------------------------
mercoledì 11 giugno 2025 - 12:27:54
------------------------------------------------------------------------
mercoledì 11 giugno 2025 - 12:28:04
------------------------------------------------------------------------
mercoledì 11 giugno 2025 - 12:28:05
------------------------------------------------------------------------
mercoledì 11 giugno 2025 - 12:29:20
------------------------------------------------------------------------
mercoledì 11 giugno 2025 - 12:30:20
------------------------------------------------------------------------
mercoledì 11 giugno 2025 - 12:31:20
------------------------------------------------------------------------
mercoledì 11 giugno 2025 - 12:32:20
------------------------------------------------------------------------
mercoledì 11 giugno 2025 - 12:33:20
------------------------------------------------------------------------
mercoledì 11 giugno 2025 - 12:34:20
------------------------------------------------------------------------
mercoledì 11 giugno 2025 - 12:35:15
------------------------------------------------------------------------
mercoledì 11 giugno 2025 - 12:35:15
------------------------------------------------------------------------
mercoledì 11 giugno 2025 - 12:35:15
------------------------------------------------------------------------
mercoledì 11 giugno 2025 - 12:35:15
------------------------------------------------------------------------
mercoledì 11 giugno 2025 - 12:35:20
------------------------------------------------------------------------
mercoledì 11 giugno 2025 - 12:35:35
------------------------------------------------------------------------
mercoledì 11 giugno 2025 - 12:35:35
------------------------------------------------------------------------
mercoledì 11 giugno 2025 - 12:35:35
------------------------------------------------------------------------
mercoledì 11 giugno 2025 - 12:35:44
------------------------------------------------------------------------
mercoledì 11 giugno 2025 - 12:35:54
------------------------------------------------------------------------
mercoledì 11 giugno 2025 - 12:36:02
------------------------------------------------------------------------
mercoledì 11 giugno 2025 - 12:36:02
------------------------------------------------------------------------
mercoledì 11 giugno 2025 - 12:36:04
------------------------------------------------------------------------
mercoledì 11 giugno 2025 - 12:36:12
------------------------------------------------------------------------
mercoledì 11 giugno 2025 - 12:36:22
------------------------------------------------------------------------
mercoledì 11 giugno 2025 - 12:36:32
------------------------------------------------------------------------
mercoledì 11 giugno 2025 - 12:36:32
------------------------------------------------------------------------
mercoledì 11 giugno 2025 - 12:36:34
------------------------------------------------------------------------
mercoledì 11 giugno 2025 - 12:36:42
------------------------------------------------------------------------
mercoledì 11 giugno 2025 - 12:36:52
------------------------------------------------------------------------
mercoledì 11 giugno 2025 - 12:37:02
------------------------------------------------------------------------
mercoledì 11 giugno 2025 - 12:37:02
------------------------------------------------------------------------
mercoledì 11 giugno 2025 - 12:37:04
------------------------------------------------------------------------
mercoledì 11 giugno 2025 - 12:37:07
------------------------------------------------------------------------
mercoledì 11 giugno 2025 - 12:37:14
------------------------------------------------------------------------
mercoledì 11 giugno 2025 - 12:37:24
------------------------------------------------------------------------
mercoledì 11 giugno 2025 - 12:37:34
------------------------------------------------------------------------
mercoledì 11 giugno 2025 - 12:37:35
------------------------------------------------------------------------
mercoledì 11 giugno 2025 - 12:37:44
------------------------------------------------------------------------
mercoledì 11 giugno 2025 - 12:37:54
------------------------------------------------------------------------
mercoledì 11 giugno 2025 - 12:38:04
------------------------------------------------------------------------
mercoledì 11 giugno 2025 - 12:38:05
------------------------------------------------------------------------
mercoledì 11 giugno 2025 - 12:39:20
------------------------------------------------------------------------
mercoledì 11 giugno 2025 - 12:40:20
------------------------------------------------------------------------
mercoledì 11 giugno 2025 - 12:41:20
------------------------------------------------------------------------
mercoledì 11 giugno 2025 - 12:42:20
------------------------------------------------------------------------
mercoledì 11 giugno 2025 - 12:43:20
------------------------------------------------------------------------
mercoledì 11 giugno 2025 - 12:44:20
------------------------------------------------------------------------
mercoledì 11 giugno 2025 - 12:45:20
------------------------------------------------------------------------
mercoledì 11 giugno 2025 - 12:46:20
------------------------------------------------------------------------
mercoledì 11 giugno 2025 - 12:47:20
------------------------------------------------------------------------
mercoledì 11 giugno 2025 - 12:48:20
------------------------------------------------------------------------
mercoledì 11 giugno 2025 - 12:49:20
------------------------------------------------------------------------
mercoledì 11 giugno 2025 - 12:50:20
------------------------------------------------------------------------
mercoledì 11 giugno 2025 - 12:51:20
------------------------------------------------------------------------
mercoledì 11 giugno 2025 - 12:52:20
------------------------------------------------------------------------
mercoledì 11 giugno 2025 - 12:53:20
------------------------------------------------------------------------
mercoledì 11 giugno 2025 - 12:54:20
------------------------------------------------------------------------
mercoledì 11 giugno 2025 - 12:55:20
------------------------------------------------------------------------
mercoledì 11 giugno 2025 - 12:56:20
------------------------------------------------------------------------
mercoledì 11 giugno 2025 - 12:57:20
------------------------------------------------------------------------
mercoledì 11 giugno 2025 - 12:58:20
------------------------------------------------------------------------
mercoledì 11 giugno 2025 - 12:59:20
------------------------------------------------------------------------
mercoledì 11 giugno 2025 - 13:00:20
------------------------------------------------------------------------
mercoledì 11 giugno 2025 - 13:01:20
------------------------------------------------------------------------
mercoledì 11 giugno 2025 - 13:02:20
------------------------------------------------------------------------
mercoledì 11 giugno 2025 - 13:03:20
------------------------------------------------------------------------
mercoledì 11 giugno 2025 - 13:04:20
------------------------------------------------------------------------
mercoledì 11 giugno 2025 - 13:05:20
------------------------------------------------------------------------
mercoledì 11 giugno 2025 - 13:06:20
------------------------------------------------------------------------
mercoledì 11 giugno 2025 - 13:07:20
------------------------------------------------------------------------
mercoledì 11 giugno 2025 - 13:08:20
------------------------------------------------------------------------
mercoledì 11 giugno 2025 - 13:09:20
------------------------------------------------------------------------
mercoledì 11 giugno 2025 - 13:10:20
------------------------------------------------------------------------
mercoledì 11 giugno 2025 - 13:11:20
------------------------------------------------------------------------
mercoledì 11 giugno 2025 - 13:12:20
------------------------------------------------------------------------
mercoledì 11 giugno 2025 - 13:13:20
------------------------------------------------------------------------
mercoledì 11 giugno 2025 - 13:14:20
------------------------------------------------------------------------
mercoledì 11 giugno 2025 - 13:15:20
------------------------------------------------------------------------
mercoledì 11 giugno 2025 - 13:16:20
------------------------------------------------------------------------
mercoledì 11 giugno 2025 - 13:17:20
------------------------------------------------------------------------
mercoledì 11 giugno 2025 - 13:18:20
------------------------------------------------------------------------
mercoledì 11 giugno 2025 - 13:19:20
------------------------------------------------------------------------
mercoledì 11 giugno 2025 - 13:20:20
------------------------------------------------------------------------
mercoledì 11 giugno 2025 - 13:21:20
------------------------------------------------------------------------
mercoledì 11 giugno 2025 - 13:22:20
------------------------------------------------------------------------
mercoledì 11 giugno 2025 - 13:23:20
------------------------------------------------------------------------
mercoledì 11 giugno 2025 - 13:24:20
------------------------------------------------------------------------
mercoledì 11 giugno 2025 - 13:25:20
------------------------------------------------------------------------
mercoledì 11 giugno 2025 - 13:26:20
------------------------------------------------------------------------
mercoledì 11 giugno 2025 - 13:27:20
------------------------------------------------------------------------
mercoledì 11 giugno 2025 - 13:28:20
------------------------------------------------------------------------
mercoledì 11 giugno 2025 - 13:29:20
------------------------------------------------------------------------
mercoledì 11 giugno 2025 - 13:30:20
------------------------------------------------------------------------
mercoledì 11 giugno 2025 - 13:31:20
------------------------------------------------------------------------
mercoledì 11 giugno 2025 - 13:32:20
------------------------------------------------------------------------
mercoledì 11 giugno 2025 - 13:33:20
------------------------------------------------------------------------
mercoledì 11 giugno 2025 - 13:34:20
------------------------------------------------------------------------
mercoledì 11 giugno 2025 - 13:35:20
------------------------------------------------------------------------
mercoledì 11 giugno 2025 - 13:36:20
------------------------------------------------------------------------
mercoledì 11 giugno 2025 - 13:37:20
------------------------------------------------------------------------
mercoledì 11 giugno 2025 - 13:38:20
------------------------------------------------------------------------
mercoledì 11 giugno 2025 - 13:39:20
------------------------------------------------------------------------
mercoledì 11 giugno 2025 - 13:40:20
------------------------------------------------------------------------
mercoledì 11 giugno 2025 - 13:41:20
------------------------------------------------------------------------
mercoledì 11 giugno 2025 - 13:42:20
------------------------------------------------------------------------
mercoledì 11 giugno 2025 - 13:43:20
------------------------------------------------------------------------
mercoledì 11 giugno 2025 - 13:44:20
------------------------------------------------------------------------
mercoledì 11 giugno 2025 - 13:45:20
------------------------------------------------------------------------
mercoledì 11 giugno 2025 - 13:46:20
------------------------------------------------------------------------
mercoledì 11 giugno 2025 - 13:47:20
------------------------------------------------------------------------
mercoledì 11 giugno 2025 - 13:48:20
------------------------------------------------------------------------
mercoledì 11 giugno 2025 - 13:49:00
------------------------------------------------------------------------
mercoledì 11 giugno 2025 - 13:49:00
------------------------------------------------------------------------
mercoledì 11 giugno 2025 - 13:49:00
------------------------------------------------------------------------
mercoledì 11 giugno 2025 - 13:49:02
------------------------------------------------------------------------
mercoledì 11 giugno 2025 - 13:49:02
------------------------------------------------------------------------
mercoledì 11 giugno 2025 - 13:49:04
------------------------------------------------------------------------
mercoledì 11 giugno 2025 - 13:49:12
------------------------------------------------------------------------
mercoledì 11 giugno 2025 - 13:49:22
------------------------------------------------------------------------
mercoledì 11 giugno 2025 - 13:49:32
------------------------------------------------------------------------
mercoledì 11 giugno 2025 - 13:49:32
------------------------------------------------------------------------
mercoledì 11 giugno 2025 - 13:49:34
------------------------------------------------------------------------
mercoledì 11 giugno 2025 - 13:49:42
------------------------------------------------------------------------
mercoledì 11 giugno 2025 - 13:49:52
------------------------------------------------------------------------
mercoledì 11 giugno 2025 - 13:50:02
------------------------------------------------------------------------
mercoledì 11 giugno 2025 - 13:50:02
------------------------------------------------------------------------
mercoledì 11 giugno 2025 - 13:50:04
------------------------------------------------------------------------
mercoledì 11 giugno 2025 - 13:50:12
------------------------------------------------------------------------
mercoledì 11 giugno 2025 - 13:50:22
------------------------------------------------------------------------
mercoledì 11 giugno 2025 - 13:50:32
------------------------------------------------------------------------
mercoledì 11 giugno 2025 - 13:50:32
------------------------------------------------------------------------
mercoledì 11 giugno 2025 - 13:50:34
------------------------------------------------------------------------
mercoledì 11 giugno 2025 - 13:50:42
------------------------------------------------------------------------
mercoledì 11 giugno 2025 - 13:50:52
------------------------------------------------------------------------
mercoledì 11 giugno 2025 - 13:51:02
------------------------------------------------------------------------
mercoledì 11 giugno 2025 - 13:51:02
------------------------------------------------------------------------
mercoledì 11 giugno 2025 - 13:51:04
------------------------------------------------------------------------
mercoledì 11 giugno 2025 - 13:51:12
------------------------------------------------------------------------
mercoledì 11 giugno 2025 - 13:51:22
------------------------------------------------------------------------
mercoledì 11 giugno 2025 - 13:51:32
------------------------------------------------------------------------
mercoledì 11 giugno 2025 - 13:51:32
------------------------------------------------------------------------
mercoledì 11 giugno 2025 - 13:51:34
------------------------------------------------------------------------
mercoledì 11 giugno 2025 - 13:51:42
------------------------------------------------------------------------
mercoledì 11 giugno 2025 - 13:51:52
------------------------------------------------------------------------
mercoledì 11 giugno 2025 - 13:52:02
------------------------------------------------------------------------
mercoledì 11 giugno 2025 - 13:52:02
------------------------------------------------------------------------
mercoledì 11 giugno 2025 - 13:52:04
------------------------------------------------------------------------
mercoledì 11 giugno 2025 - 13:52:05
------------------------------------------------------------------------
mercoledì 11 giugno 2025 - 13:52:12
------------------------------------------------------------------------
mercoledì 11 giugno 2025 - 13:52:22
------------------------------------------------------------------------
mercoledì 11 giugno 2025 - 13:52:32
------------------------------------------------------------------------
mercoledì 11 giugno 2025 - 13:52:32
------------------------------------------------------------------------
mercoledì 11 giugno 2025 - 13:52:34
------------------------------------------------------------------------
mercoledì 11 giugno 2025 - 13:52:42
------------------------------------------------------------------------
mercoledì 11 giugno 2025 - 13:52:52
------------------------------------------------------------------------
mercoledì 11 giugno 2025 - 13:53:02
------------------------------------------------------------------------
mercoledì 11 giugno 2025 - 13:53:02
------------------------------------------------------------------------
mercoledì 11 giugno 2025 - 13:53:04
------------------------------------------------------------------------
mercoledì 11 giugno 2025 - 13:53:12
------------------------------------------------------------------------
mercoledì 11 giugno 2025 - 13:53:22
------------------------------------------------------------------------
mercoledì 11 giugno 2025 - 13:53:32
------------------------------------------------------------------------
mercoledì 11 giugno 2025 - 13:53:32
------------------------------------------------------------------------
mercoledì 11 giugno 2025 - 13:53:34
------------------------------------------------------------------------
mercoledì 11 giugno 2025 - 13:53:42
------------------------------------------------------------------------
mercoledì 11 giugno 2025 - 13:53:52
------------------------------------------------------------------------
mercoledì 11 giugno 2025 - 13:54:02
------------------------------------------------------------------------
mercoledì 11 giugno 2025 - 13:54:02
------------------------------------------------------------------------
mercoledì 11 giugno 2025 - 13:54:04
------------------------------------------------------------------------
mercoledì 11 giugno 2025 - 13:54:12
------------------------------------------------------------------------
mercoledì 11 giugno 2025 - 13:54:22
------------------------------------------------------------------------
mercoledì 11 giugno 2025 - 13:54:32
------------------------------------------------------------------------
mercoledì 11 giugno 2025 - 13:54:32
------------------------------------------------------------------------
mercoledì 11 giugno 2025 - 13:54:34
------------------------------------------------------------------------
mercoledì 11 giugno 2025 - 13:54:42
------------------------------------------------------------------------
mercoledì 11 giugno 2025 - 13:54:52
------------------------------------------------------------------------
mercoledì 11 giugno 2025 - 13:55:02
------------------------------------------------------------------------
mercoledì 11 giugno 2025 - 13:55:02
------------------------------------------------------------------------
mercoledì 11 giugno 2025 - 13:55:04
------------------------------------------------------------------------
mercoledì 11 giugno 2025 - 13:55:12
------------------------------------------------------------------------
mercoledì 11 giugno 2025 - 13:55:22
------------------------------------------------------------------------
mercoledì 11 giugno 2025 - 13:55:32
------------------------------------------------------------------------
mercoledì 11 giugno 2025 - 13:55:32
------------------------------------------------------------------------
mercoledì 11 giugno 2025 - 13:55:34
------------------------------------------------------------------------
mercoledì 11 giugno 2025 - 13:55:42
------------------------------------------------------------------------
mercoledì 11 giugno 2025 - 13:55:52
------------------------------------------------------------------------
mercoledì 11 giugno 2025 - 13:56:02
------------------------------------------------------------------------
mercoledì 11 giugno 2025 - 13:56:02
------------------------------------------------------------------------
mercoledì 11 giugno 2025 - 13:56:04
------------------------------------------------------------------------
mercoledì 11 giugno 2025 - 13:56:12
------------------------------------------------------------------------
mercoledì 11 giugno 2025 - 13:56:22
------------------------------------------------------------------------
mercoledì 11 giugno 2025 - 13:56:32
------------------------------------------------------------------------
mercoledì 11 giugno 2025 - 13:56:32
------------------------------------------------------------------------
mercoledì 11 giugno 2025 - 13:56:34
------------------------------------------------------------------------
mercoledì 11 giugno 2025 - 13:56:42
------------------------------------------------------------------------
mercoledì 11 giugno 2025 - 13:56:52
------------------------------------------------------------------------
mercoledì 11 giugno 2025 - 13:57:02
------------------------------------------------------------------------
mercoledì 11 giugno 2025 - 13:57:02
------------------------------------------------------------------------
mercoledì 11 giugno 2025 - 13:57:04
------------------------------------------------------------------------
mercoledì 11 giugno 2025 - 13:57:05
------------------------------------------------------------------------
mercoledì 11 giugno 2025 - 13:57:12
------------------------------------------------------------------------
mercoledì 11 giugno 2025 - 13:57:22
------------------------------------------------------------------------
mercoledì 11 giugno 2025 - 13:57:32
------------------------------------------------------------------------
mercoledì 11 giugno 2025 - 13:57:32
------------------------------------------------------------------------
mercoledì 11 giugno 2025 - 13:57:34
------------------------------------------------------------------------
mercoledì 11 giugno 2025 - 13:57:42
------------------------------------------------------------------------
mercoledì 11 giugno 2025 - 13:57:52
------------------------------------------------------------------------
mercoledì 11 giugno 2025 - 13:58:04
------------------------------------------------------------------------
mercoledì 11 giugno 2025 - 13:58:05
------------------------------------------------------------------------
mercoledì 11 giugno 2025 - 13:58:14
------------------------------------------------------------------------
mercoledì 11 giugno 2025 - 13:58:24
------------------------------------------------------------------------
mercoledì 11 giugno 2025 - 13:58:34
------------------------------------------------------------------------
mercoledì 11 giugno 2025 - 13:58:35
------------------------------------------------------------------------
mercoledì 11 giugno 2025 - 13:58:44
------------------------------------------------------------------------
mercoledì 11 giugno 2025 - 13:58:54
------------------------------------------------------------------------
mercoledì 11 giugno 2025 - 14:00:20
------------------------------------------------------------------------
mercoledì 11 giugno 2025 - 14:01:20
------------------------------------------------------------------------
mercoledì 11 giugno 2025 - 14:01:24
------------------------------------------------------------------------
mercoledì 11 giugno 2025 - 14:01:24
------------------------------------------------------------------------
mercoledì 11 giugno 2025 - 14:01:25
------------------------------------------------------------------------
mercoledì 11 giugno 2025 - 14:01:32
------------------------------------------------------------------------
mercoledì 11 giugno 2025 - 14:01:32
------------------------------------------------------------------------
mercoledì 11 giugno 2025 - 14:01:34
------------------------------------------------------------------------
mercoledì 11 giugno 2025 - 14:01:35
[ErrorHandler::ProcError] Proc error: Non è stato possibile caricare il file o l'assembly 'file:///C:\EVO_DLL\CMPIndustria40.dll' o una delle relative dipendenze. Impossibile trovare il file specificato.
   in System.Reflection.RuntimeAssembly._nLoad(AssemblyName fileName, String codeBase, Evidence assemblySecurity, RuntimeAssembly locationHint, StackCrawlMark& stackMark, IntPtr pPrivHostBinder, Boolean throwOnFileNotFound, Boolean forIntrospection, Boolean suppressSecurityChecks)
   in System.Reflection.RuntimeAssembly.nLoad(AssemblyName fileName, String codeBase, Evidence assemblySecurity, RuntimeAssembly locationHint, StackCrawlMark& stackMark, IntPtr pPrivHostBinder, Boolean throwOnFileNotFound, Boolean forIntrospection, Boolean suppressSecurityChecks)
   in System.Reflection.RuntimeAssembly.InternalLoadAssemblyName(AssemblyName assemblyRef, Evidence assemblySecurity, RuntimeAssembly reqAssembly, StackCrawlMark& stackMark, IntPtr pPrivHostBinder, Boolean throwOnFileNotFound, Boolean forIntrospection, Boolean suppressSecurityChecks)
   in System.Reflection.RuntimeAssembly.InternalLoadFrom(String assemblyFile, Evidence securityEvidence, Byte[] hashValue, AssemblyHashAlgorithm hashAlgorithm, Boolean forIntrospection, Boolean suppressSecurityChecks, StackCrawlMark& stackMark)
   in System.Reflection.Assembly.LoadFrom(String assemblyFile)
   in com.progamma.ids.WebEntryPoint.GetLoader(String LibName)
   in com.progamma.ids.WebEntryPoint.CreateObjFromLibrary(String LibName, String ClsName)
   in MsgHandlerNNAVV.OnSendMessage(IDVariant Message, WebForm Sender, IDDocument Doc, IDVariant Par1, IDVariant Par2, IDVariant Par3, IDVariant Par4)
------------------------------------------------------------------------
mercoledì 11 giugno 2025 - 14:01:36
------------------------------------------------------------------------
mercoledì 11 giugno 2025 - 14:01:44
------------------------------------------------------------------------
mercoledì 11 giugno 2025 - 14:01:54
------------------------------------------------------------------------
mercoledì 11 giugno 2025 - 14:02:02
------------------------------------------------------------------------
mercoledì 11 giugno 2025 - 14:02:02
------------------------------------------------------------------------
mercoledì 11 giugno 2025 - 14:02:04
------------------------------------------------------------------------
mercoledì 11 giugno 2025 - 14:02:05
------------------------------------------------------------------------
mercoledì 11 giugno 2025 - 14:02:14
------------------------------------------------------------------------
mercoledì 11 giugno 2025 - 14:02:20
