------------------------------------------------------------------------
mercoledì 18 giugno 2025 - 14:48:37
OK - ID Version: 24.5.9400, IJLIB Version: 24.5.9400
DTT_LEVEL=5
DTT_MSGLEVEL=3
DTT_LEVEL=5
DTT_MSGLEVEL=3
DTT_LEVEL=5
DTT_MSGLEVEL=3
OK - ID Version: 24.5.9400, IJLIB Version: 24.5.9400
DTT_LEVEL=5
DTT_MSGLEVEL=3
DTT_LEVEL=5
DTT_MSGLEVEL=3
------------------------------------------------------------------------
mercoledì 18 giugno 2025 - 14:50:46
------------------------------------------------------------------------
mercoledì 18 giugno 2025 - 14:50:58
------------------------------------------------------------------------
mercoledì 18 giugno 2025 - 14:50:59
DTT_LEVEL=5
DTT_MSGLEVEL=3
------------------------------------------------------------------------
mercoledì 18 giugno 2025 - 14:51:00
------------------------------------------------------------------------
mercoledì 18 giugno 2025 - 14:51:00
------------------------------------------------------------------------
mercoledì 18 giugno 2025 - 14:51:02
DTT_LEVEL=5
DTT_MSGLEVEL=3
[PdfFont::scanFontDirectory] Found 329 NEW fonts
    Directory: c:/windows/fonts
    Total: 329 fonts in 194 families
------------------------------------------------------------------------
mercoledì 18 giugno 2025 - 14:51:05
------------------------------------------------------------------------
mercoledì 18 giugno 2025 - 14:51:06
------------------------------------------------------------------------
mercoledì 18 giugno 2025 - 14:51:08
------------------------------------------------------------------------
mercoledì 18 giugno 2025 - 14:51:09
------------------------------------------------------------------------
mercoledì 18 giugno 2025 - 14:51:10
------------------------------------------------------------------------
mercoledì 18 giugno 2025 - 14:51:11
------------------------------------------------------------------------
mercoledì 18 giugno 2025 - 14:51:13
------------------------------------------------------------------------
mercoledì 18 giugno 2025 - 14:51:17
------------------------------------------------------------------------
mercoledì 18 giugno 2025 - 14:51:18
------------------------------------------------------------------------
mercoledì 18 giugno 2025 - 14:51:19
------------------------------------------------------------------------
mercoledì 18 giugno 2025 - 14:51:20
------------------------------------------------------------------------
mercoledì 18 giugno 2025 - 14:51:20
------------------------------------------------------------------------
mercoledì 18 giugno 2025 - 14:51:21
------------------------------------------------------------------------
mercoledì 18 giugno 2025 - 14:51:24
------------------------------------------------------------------------
mercoledì 18 giugno 2025 - 14:51:25
------------------------------------------------------------------------
mercoledì 18 giugno 2025 - 14:51:27
------------------------------------------------------------------------
mercoledì 18 giugno 2025 - 14:51:28
------------------------------------------------------------------------
mercoledì 18 giugno 2025 - 14:51:30
------------------------------------------------------------------------
mercoledì 18 giugno 2025 - 14:51:30
------------------------------------------------------------------------
mercoledì 18 giugno 2025 - 14:51:31
DTT_LEVEL=5
DTT_MSGLEVEL=3
------------------------------------------------------------------------
mercoledì 18 giugno 2025 - 14:51:33
------------------------------------------------------------------------
mercoledì 18 giugno 2025 - 14:51:33
------------------------------------------------------------------------
mercoledì 18 giugno 2025 - 14:51:35
------------------------------------------------------------------------
mercoledì 18 giugno 2025 - 14:51:37
------------------------------------------------------------------------
mercoledì 18 giugno 2025 - 14:51:37
------------------------------------------------------------------------
mercoledì 18 giugno 2025 - 14:51:38
------------------------------------------------------------------------
mercoledì 18 giugno 2025 - 14:51:39
------------------------------------------------------------------------
mercoledì 18 giugno 2025 - 14:51:40
------------------------------------------------------------------------
mercoledì 18 giugno 2025 - 14:51:40
------------------------------------------------------------------------
mercoledì 18 giugno 2025 - 14:51:40
------------------------------------------------------------------------
mercoledì 18 giugno 2025 - 14:51:42
------------------------------------------------------------------------
mercoledì 18 giugno 2025 - 14:51:42
------------------------------------------------------------------------
mercoledì 18 giugno 2025 - 14:51:46
